[PREINITIALIZATION][SERVER][INFO] Thank you to the Patreon supporters below and others who make CraftTweaker possible!
quaternary
AdaraChristine
Diablo Crasher
realTIMematrix
Pongo Sapiens
Freebi
Robijnvogel
Jonathan McManus
Darkosto
DreamThorn
Dan Goodman
If you want to support the mod, checkout https://patreon.com/jaredlll08?s=crtmod

[PREINITIALIZATION][SERVER][INFO] Current loaders after merging: [[preinit]]
[PREINITIALIZATION][SERVER][INFO] Loading scripts for loader with names [preinit]
[PREINITIALIZATION][SERVER][INFO] [preinit | SIDE_SERVER]: Skipping file {[0:crafttweaker]: recipes.zs} as we are currently loading with a different loader
[PREINITIALIZATION][SERVER][INFO] Completed script loading in: 2ms
[INITIALIZATION][SERVER][INFO] CraftTweaker: Building registry
[INITIALIZATION][SERVER][INFO] CraftTweaker: Successfully built item registry
[INITIALIZATION][SERVER][INFO] Current loaders after merging: [[preinit], [recipeevent | crafttweaker]]
[INITIALIZATION][SERVER][INFO] Loading scripts for loader with names [crafttweaker | recipeevent]
[INITIALIZATION][SERVER][INFO] [crafttweaker | SIDE_SERVER]: Loading Script: {[0:crafttweaker]: recipes.zs}
[INITIALIZATION][SERVER][INFO] Completed script loading in: 275ms
[POSTINITIALIZATION][SERVER][INFO] Removing recipes for various outputs
[POSTINITIALIZATION][SERVER][INFO] Adding shaped recipe for Piña Colada with name ct_shaped-464906335
